<?xml version="1.0" encoding="UTF-8"?>
<!-- Generated by org.testng.reporters.JUnitXMLReporter -->
<testsuite ignored="0" hostname="ht-33" failures="1" tests="3" name="bankingAppTest" time="10.935" errors="0" timestamp="2023-09-15T18:51:23 IST">
  <testcase classname="com.banking.testCase.TC_LoginTest_001" name="loginTest" time="3.274"/>
  <testcase classname="com.banking.testCase.TC_LoginTest_001" name="validUrl" time="1.361">
    <failure type="java.lang.AssertionError">
      <![CDATA[java.lang.AssertionError: 
at com.banking.testCase.TC_LoginTest_001.validUrl(TC_LoginTest_001.java:70)
at java.base/java.util.ArrayList.forEach(ArrayList.java:1511)
... Removed 30 stack frames]]>
    </failure>
  </testcase> <!-- validUrl -->
  <testcase classname="com.banking.testCase.TC_LoginTest_001" name="checkCourse" time="0.0">
    <skipped/>
  </testcase> <!-- checkCourse -->
</testsuite> <!-- bankingAppTest -->
